[debug] [2023-02-15T00:06:47.876Z] ----------------------------------------------------------------------
[debug] [2023-02-15T00:06:47.877Z] Command:       C:\Program Files\nodejs\node.exe C:\Program Files\nodejs\node_modules\firebase-tools\lib\bin\firebase.js init
[debug] [2023-02-15T00:06:47.878Z] CLI Version:   11.23.1
[debug] [2023-02-15T00:06:47.878Z] Platform:      win32
[debug] [2023-02-15T00:06:47.878Z] Node Version:  v16.14.2
[debug] [2023-02-15T00:06:47.878Z] Time:          Tue Feb 14 2023 19:06:47 GMT-0500 (Eastern Standard Time)
[debug] [2023-02-15T00:06:47.879Z] ----------------------------------------------------------------------
[debug] 
[debug] [2023-02-15T00:06:47.883Z] > command requires scopes: ["email","openid","https://www.googleapis.com/auth/cloudplatformprojects.readonly","https://www.googleapis.com/auth/firebase","https://www.googleapis.com/auth/cloud-platform"]
[debug] [2023-02-15T00:06:47.883Z] > authorizing via signed-in user (ericdequevedo@gmail.com)
[info] 
     ######## #### ########  ######## ########     ###     ######  ########
     ##        ##  ##     ## ##       ##     ##  ##   ##  ##       ##
     ######    ##  ########  ######   ########  #########  ######  ######
     ##        ##  ##    ##  ##       ##     ## ##     ##       ## ##
     ##       #### ##     ## ######## ########  ##     ##  ######  ########

You're about to initialize a Firebase project in this directory:

  C:\Firebase\Reports-Firebase

Before we get started, keep in mind:

  * You are currently outside your home directory

